debug: 2026/01/08 23:52:55 Testing debug
debug: 2026/01/08 23:52:55 Testing debug
debug: 2026/01/08 23:52:55 Testing debug
debug: 2026/01/08 23:52:56 Testing debug
debug: 2026/01/08 23:52:56 Testing debug
debug: 2026/01/08 23:52:57 Testing debug
debug: 2026/01/08 23:52:57 Testing debug
debug: 2026/01/08 23:52:58 Testing debug
debug: 2026/01/08 23:52:58 Testing debug
debug: 2026/01/08 23:52:59 Testing debug
debug: 2026/01/08 23:52:59 Testing debug
debug: 2026/01/08 23:53:00 Testing debug
debug: 2026/01/08 23:53:00 Testing debug
debug: 2026/01/08 23:53:01 Testing debug
debug: 2026/01/08 23:53:01 Testing debug
debug: 2026/01/08 23:53:02 Testing debug
debug: 2026/01/08 23:53:02 Testing debug
debug: 2026/01/08 23:53:03 Testing debug
debug: 2026/01/08 23:53:03 Testing debug
debug: 2026/01/08 23:53:04 Testing debug
debug: 2026/01/08 23:53:04 Testing debug
debug: 2026/01/08 23:53:05 Testing debug
debug: 2026/01/08 23:53:05 Testing debug
debug: 2026/01/08 23:53:06 Testing debug
debug: 2026/01/08 23:53:06 Testing debug
debug: 2026/01/08 23:53:07 Testing debug
debug: 2026/01/08 23:53:07 Testing debug
debug: 2026/01/08 23:53:08 Testing debug
debug: 2026/01/08 23:53:09 Testing debug
debug: 2026/01/08 23:53:09 Testing debug
debug: 2026/01/08 23:53:10 Testing debug
debug: 2026/01/08 23:53:10 Testing debug
debug: 2026/01/08 23:53:11 Testing debug
debug: 2026/01/08 23:53:11 Testing debug
debug: 2026/01/08 23:53:12 Testing debug
debug: 2026/01/08 23:53:12 Testing debug
debug: 2026/01/08 23:53:13 Testing debug
debug: 2026/01/08 23:53:13 Testing debug
debug: 2026/01/08 23:53:14 Testing debug
debug: 2026/01/08 23:53:14 Testing debug
debug: 2026/01/08 23:53:15 Testing debug
debug: 2026/01/08 23:53:15 Testing debug
debug: 2026/01/08 23:53:16 Testing debug
debug: 2026/01/08 23:53:16 Testing debug
debug: 2026/01/08 23:53:17 Testing debug
debug: 2026/01/08 23:53:18 Testing debug
debug: 2026/01/08 23:53:18 Testing debug
debug: 2026/01/08 23:53:19 Testing debug
debug: 2026/01/08 23:53:19 Testing debug
debug: 2026/01/08 23:53:20 Testing debug
debug: 2026/01/08 23:53:20 Testing debug
debug: 2026/01/08 23:53:21 Testing debug
debug: 2026/01/08 23:53:21 Testing debug
debug: 2026/01/08 23:53:22 Testing debug
debug: 2026/01/08 23:53:22 Testing debug
debug: 2026/01/08 23:53:22 Testing debug
debug: 2026/01/08 23:53:22 Testing debug
debug: 2026/01/08 23:53:22 Testing debug
debug: 2026/01/08 23:53:22 Testing debug
debug: 2026/01/08 23:53:22 Testing debug
debug: 2026/01/08 23:53:23 Testing debug
debug: 2026/01/08 23:53:23 Testing debug
debug: 2026/01/08 23:53:23 Testing debug
debug: 2026/01/08 23:53:23 Testing debug
debug: 2026/01/08 23:53:23 Testing debug
debug: 2026/01/08 23:53:23 Testing debug
debug: 2026/01/08 23:53:23 Testing debug
debug: 2026/01/08 23:53:23 Testing debug
debug: 2026/01/08 23:53:23 Testing debug
debug: 2026/01/08 23:53:23 Testing debug
debug: 2026/01/08 23:53:23 Testing debug
debug: 2026/01/08 23:53:23 Testing debug
debug: 2026/01/08 23:53:23 Testing debug
debug: 2026/01/08 23:53:23 Testing debug
debug: 2026/01/08 23:53:23 Testing debug
debug: 2026/01/08 23:53:23 Testing debug
debug: 2026/01/08 23:53:23 Testing debug
debug: 2026/01/08 23:53:23 Testing debug
debug: 2026/01/08 23:53:23 Testing debug
debug: 2026/01/08 23:53:23 Testing debug
debug: 2026/01/08 23:53:23 Testing debug
debug: 2026/01/08 23:53:24 Testing debug
debug: 2026/01/08 23:53:24 Testing debug
debug: 2026/01/08 23:53:25 Testing debug
debug: 2026/01/08 23:53:26 Testing debug
debug: 2026/01/08 23:53:26 Testing debug
debug: 2026/01/08 23:53:27 Testing debug
debug: 2026/01/08 23:53:27 Testing debug
debug: 2026/01/08 23:53:28 Testing debug
debug: 2026/01/08 23:53:28 Testing debug
debug: 2026/01/08 23:53:29 Testing debug
debug: 2026/01/08 23:53:29 Testing debug
debug: 2026/01/08 23:53:30 Testing debug
debug: 2026/01/08 23:53:30 Testing debug
debug: 2026/01/08 23:53:31 Testing debug
debug: 2026/01/08 23:53:31 Testing debug
debug: 2026/01/08 23:53:32 Testing debug
debug: 2026/01/08 23:53:32 Testing debug
debug: 2026/01/08 23:53:33 Testing debug
debug: 2026/01/08 23:53:33 Testing debug
debug: 2026/01/08 23:53:34 Testing debug
debug: 2026/01/08 23:53:35 Testing debug
debug: 2026/01/08 23:53:35 Testing debug
debug: 2026/01/08 23:53:36 Testing debug
debug: 2026/01/08 23:53:36 Testing debug
debug: 2026/01/08 23:53:37 Testing debug
debug: 2026/01/08 23:53:37 Testing debug
debug: 2026/01/08 23:53:38 Testing debug
debug: 2026/01/08 23:53:38 Testing debug
debug: 2026/01/08 23:53:39 Testing debug
debug: 2026/01/08 23:53:39 Testing debug
debug: 2026/01/08 23:53:40 Testing debug
debug: 2026/01/08 23:53:40 Testing debug
debug: 2026/01/08 23:53:41 Testing debug
debug: 2026/01/08 23:53:41 Testing debug
debug: 2026/01/08 23:53:42 Testing debug
debug: 2026/01/08 23:53:43 Testing debug
debug: 2026/01/08 23:53:43 Testing debug
debug: 2026/01/08 23:53:44 Testing debug
debug: 2026/01/08 23:53:44 Testing debug
debug: 2026/01/08 23:53:45 Testing debug
debug: 2026/01/08 23:53:45 Testing debug
debug: 2026/01/08 23:53:46 Testing debug
debug: 2026/01/08 23:53:46 Testing debug
debug: 2026/01/08 23:53:47 Testing debug
debug: 2026/01/08 23:53:47 Testing debug
debug: 2026/01/08 23:53:48 Testing debug
debug: 2026/01/08 23:53:48 Testing debug
debug: 2026/01/08 23:53:49 Testing debug
debug: 2026/01/08 23:53:49 Testing debug
debug: 2026/01/08 23:53:50 Testing debug
debug: 2026/01/08 23:53:50 Testing debug
debug: 2026/01/08 23:53:51 Testing debug
debug: 2026/01/08 23:53:52 Testing debug
debug: 2026/01/08 23:53:52 Testing debug
debug: 2026/01/08 23:53:53 Testing debug
debug: 2026/01/08 23:53:53 Testing debug
debug: 2026/01/08 23:53:54 Testing debug
debug: 2026/01/08 23:53:54 Testing debug
debug: 2026/01/08 23:53:55 Testing debug
debug: 2026/01/08 23:53:55 Testing debug
debug: 2026/01/08 23:53:56 Testing debug
debug: 2026/01/08 23:53:56 Testing debug
debug: 2026/01/08 23:53:57 Testing debug
debug: 2026/01/08 23:53:57 Testing debug
debug: 2026/01/08 23:53:58 Testing debug
debug: 2026/01/08 23:53:58 Testing debug
debug: 2026/01/08 23:53:59 Testing debug
debug: 2026/01/08 23:53:59 Testing debug
debug: 2026/01/08 23:54:00 Testing debug
debug: 2026/01/08 23:54:01 Testing debug
debug: 2026/01/08 23:54:01 Testing debug
debug: 2026/01/08 23:54:02 Testing debug
debug: 2026/01/08 23:54:02 Testing debug
debug: 2026/01/08 23:54:03 Testing debug
debug: 2026/01/08 23:54:03 Testing debug
debug: 2026/01/08 23:54:04 Testing debug
debug: 2026/01/08 23:54:04 Testing debug
debug: 2026/01/08 23:54:05 Testing debug
debug: 2026/01/08 23:54:05 Testing debug
debug: 2026/01/08 23:54:06 Testing debug
debug: 2026/01/08 23:54:06 Testing debug
debug: 2026/01/08 23:54:07 Testing debug
debug: 2026/01/08 23:54:07 Testing debug
debug: 2026/01/08 23:54:08 Testing debug
debug: 2026/01/08 23:54:09 Testing debug
debug: 2026/01/08 23:54:09 Testing debug
debug: 2026/01/08 23:54:10 Testing debug
debug: 2026/01/08 23:54:10 Testing debug
debug: 2026/01/08 23:54:11 Testing debug
debug: 2026/01/08 23:54:11 Testing debug
debug: 2026/01/08 23:54:12 Testing debug
debug: 2026/01/08 23:54:12 Testing debug
debug: 2026/01/08 23:54:13 Testing debug
debug: 2026/01/08 23:54:13 Testing debug
debug: 2026/01/08 23:54:14 Testing debug
debug: 2026/01/08 23:54:14 Testing debug
debug: 2026/01/08 23:54:15 Testing debug
debug: 2026/01/08 23:54:15 Testing debug
debug: 2026/01/08 23:54:16 Testing debug
debug: 2026/01/08 23:54:16 Testing debug
debug: 2026/01/08 23:54:17 Testing debug
debug: 2026/01/08 23:54:18 Testing debug
debug: 2026/01/08 23:54:18 Testing debug
debug: 2026/01/08 23:54:19 Testing debug
debug: 2026/01/08 23:54:19 Testing debug
debug: 2026/01/08 23:54:20 Testing debug
debug: 2026/01/08 23:54:20 Testing debug
debug: 2026/01/08 23:54:21 Testing debug
debug: 2026/01/08 23:54:21 Testing debug
debug: 2026/01/08 23:54:22 Testing debug
debug: 2026/01/08 23:54:22 Testing debug
debug: 2026/01/08 23:54:23 Testing debug
debug: 2026/01/08 23:54:23 Testing debug
debug: 2026/01/08 23:54:24 Testing debug
debug: 2026/01/08 23:54:24 Testing debug
debug: 2026/01/08 23:54:25 Testing debug
debug: 2026/01/08 23:54:25 Testing debug
debug: 2026/01/08 23:54:26 Testing debug
debug: 2026/01/08 23:54:27 Testing debug
debug: 2026/01/08 23:54:27 Testing debug
debug: 2026/01/08 23:54:28 Testing debug
debug: 2026/01/08 23:54:28 Testing debug
debug: 2026/01/08 23:54:29 Testing debug
debug: 2026/01/08 23:54:29 Testing debug
debug: 2026/01/08 23:54:30 Testing debug
debug: 2026/01/08 23:54:30 Testing debug
debug: 2026/01/08 23:54:31 Testing debug
debug: 2026/01/08 23:54:31 Testing debug
debug: 2026/01/08 23:54:32 Testing debug
debug: 2026/01/08 23:54:32 Testing debug
debug: 2026/01/08 23:54:33 Testing debug
debug: 2026/01/08 23:54:33 Testing debug
debug: 2026/01/08 23:54:34 Testing debug
debug: 2026/01/08 23:54:35 Testing debug
debug: 2026/01/08 23:54:35 Testing debug
debug: 2026/01/08 23:54:36 Testing debug
debug: 2026/01/08 23:54:36 Testing debug
debug: 2026/01/08 23:54:37 Testing debug
debug: 2026/01/08 23:54:37 Testing debug
debug: 2026/01/08 23:54:38 Testing debug
debug: 2026/01/08 23:54:38 Testing debug
debug: 2026/01/08 23:54:39 Testing debug
debug: 2026/01/08 23:54:39 Testing debug
debug: 2026/01/08 23:54:40 Testing debug
debug: 2026/01/08 23:54:40 Testing debug
debug: 2026/01/08 23:54:41 Testing debug
debug: 2026/01/08 23:54:41 Testing debug
debug: 2026/01/08 23:54:42 Testing debug
debug: 2026/01/08 23:54:42 Testing debug
debug: 2026/01/08 23:54:43 Testing debug
debug: 2026/01/08 23:54:44 Testing debug
debug: 2026/01/08 23:54:44 Testing debug
debug: 2026/01/08 23:54:45 Testing debug
debug: 2026/01/08 23:54:45 Testing debug
debug: 2026/01/08 23:54:46 Testing debug
debug: 2026/01/08 23:54:46 Testing debug
debug: 2026/01/08 23:54:47 Testing debug
debug: 2026/01/08 23:54:47 Testing debug
debug: 2026/01/08 23:54:48 Testing debug
debug: 2026/01/08 23:54:48 Testing debug
debug: 2026/01/08 23:54:49 Testing debug
debug: 2026/01/08 23:54:49 Testing debug
debug: 2026/01/08 23:54:50 Testing debug
debug: 2026/01/08 23:54:50 Testing debug
debug: 2026/01/08 23:54:51 Testing debug
debug: 2026/01/08 23:54:52 Testing debug
debug: 2026/01/08 23:54:52 Testing debug
debug: 2026/01/08 23:54:53 Testing debug
debug: 2026/01/08 23:54:53 Testing debug
debug: 2026/01/08 23:54:54 Testing debug
debug: 2026/01/08 23:54:54 Testing debug
debug: 2026/01/08 23:54:55 Testing debug
debug: 2026/01/08 23:54:55 Testing debug
debug: 2026/01/08 23:54:56 Testing debug
debug: 2026/01/08 23:54:56 Testing debug
debug: 2026/01/08 23:54:57 Testing debug
debug: 2026/01/08 23:54:57 Testing debug
debug: 2026/01/08 23:54:58 Testing debug
debug: 2026/01/08 23:54:58 Testing debug
debug: 2026/01/08 23:54:59 Testing debug
debug: 2026/01/08 23:54:59 Testing debug
debug: 2026/01/08 23:55:00 Testing debug
debug: 2026/01/08 23:55:01 Testing debug
debug: 2026/01/08 23:55:01 Testing debug
debug: 2026/01/08 23:55:02 Testing debug
debug: 2026/01/08 23:55:02 Testing debug
debug: 2026/01/08 23:55:03 Testing debug
debug: 2026/01/08 23:55:03 Testing debug
debug: 2026/01/08 23:55:04 Testing debug
debug: 2026/01/08 23:55:04 Testing debug
debug: 2026/01/08 23:55:05 Testing debug
debug: 2026/01/08 23:55:05 Testing debug
debug: 2026/01/08 23:55:06 Testing debug
debug: 2026/01/08 23:55:06 Testing debug
debug: 2026/01/08 23:55:07 Testing debug
debug: 2026/01/08 23:55:07 Testing debug
debug: 2026/01/08 23:55:08 Testing debug
debug: 2026/01/08 23:55:08 Testing debug
debug: 2026/01/08 23:55:09 Testing debug
debug: 2026/01/08 23:55:10 Testing debug
debug: 2026/01/08 23:55:10 Testing debug
debug: 2026/01/08 23:55:11 Testing debug
debug: 2026/01/08 23:55:11 Testing debug
debug: 2026/01/08 23:55:12 Testing debug
debug: 2026/01/08 23:55:12 Testing debug
debug: 2026/01/08 23:55:13 Testing debug
debug: 2026/01/08 23:55:13 Testing debug
debug: 2026/01/08 23:55:14 Testing debug
debug: 2026/01/08 23:55:14 Testing debug
debug: 2026/01/08 23:55:15 Testing debug
debug: 2026/01/08 23:55:15 Testing debug
debug: 2026/01/08 23:55:16 Testing debug
debug: 2026/01/08 23:55:16 Testing debug
debug: 2026/01/08 23:55:17 Testing debug
debug: 2026/01/08 23:55:18 Testing debug
debug: 2026/01/08 23:55:18 Testing debug
debug: 2026/01/08 23:55:19 Testing debug
debug: 2026/01/08 23:55:19 Testing debug
debug: 2026/01/08 23:55:20 Testing debug
debug: 2026/01/08 23:55:20 Testing debug
debug: 2026/01/08 23:55:21 Testing debug
debug: 2026/01/08 23:55:21 Testing debug
debug: 2026/01/08 23:55:22 Testing debug
debug: 2026/01/08 23:55:22 Testing debug
debug: 2026/01/08 23:55:23 Testing debug
debug: 2026/01/08 23:55:23 Testing debug
debug: 2026/01/08 23:55:24 Testing debug
debug: 2026/01/08 23:55:24 Testing debug
debug: 2026/01/08 23:55:25 Testing debug
debug: 2026/01/08 23:55:25 Testing debug
debug: 2026/01/08 23:55:26 Testing debug
debug: 2026/01/08 23:55:27 Testing debug
debug: 2026/01/08 23:55:27 Testing debug
debug: 2026/01/08 23:55:28 Testing debug
debug: 2026/01/08 23:55:28 Testing debug
debug: 2026/01/08 23:55:29 Testing debug
debug: 2026/01/08 23:55:29 Testing debug
debug: 2026/01/08 23:55:30 Testing debug
debug: 2026/01/08 23:55:30 Testing debug
debug: 2026/01/08 23:56:08 Focused: {debug Debug %!s(bool=false) %!s(bool=true)}
debug: 2026/01/08 23:56:13 Focused: {debug Debug %!s(bool=false) %!s(bool=true)}
debug: 2026/01/08 23:56:14 Focused: {debug Debug %!s(bool=false) %!s(bool=true)}
debug: 2026/01/08 23:56:14 Focused: {debug Debug %!s(bool=false) %!s(bool=true)}
debug: 2026/01/08 23:56:14 Focused: {debug Debug %!s(bool=false) %!s(bool=true)}
debug: 2026/01/08 23:56:15 Focused: {debug Debug %!s(bool=false) %!s(bool=true)}
debug: 2026/01/08 23:56:15 Focused: {debug Debug %!s(bool=false) %!s(bool=true)}
debug: 2026/01/08 23:56:15 Focused: {debug Debug %!s(bool=false) %!s(bool=true)}
debug: 2026/01/08 23:56:15 Focused: {debug Debug %!s(bool=false) %!s(bool=true)}
debug: 2026/01/08 23:56:15 Focused: {debug Debug %!s(bool=false) %!s(bool=true)}
debug: 2026/01/08 23:56:16 Focused: {debug Debug %!s(bool=false) %!s(bool=true)}
debug: 2026/01/08 23:56:16 Focused: {debug Debug %!s(bool=false) %!s(bool=true)}
debug: 2026/01/08 23:56:16 Focused: {debug Debug %!s(bool=false) %!s(bool=true)}
debug: 2026/01/08 23:57:29 Focused: {debug Debug %!s(bool=false) %!s(bool=true)}
debug: 2026/01/08 23:57:29 Focused: {debug Debug %!s(bool=false) %!s(bool=true)}
debug: 2026/01/08 23:58:07 Focused: {debug Debug %!s(bool=false) %!s(bool=true)}
debug: 2026/01/08 23:58:07 Focused: {debug Debug %!s(bool=false) %!s(bool=true)}
debug: 2026/01/08 23:58:08 Focused: {commands Print Commands %!s(bool=true) %!s(bool=true)}
debug: 2026/01/08 23:58:09 Focused: {debug Debug %!s(bool=false) %!s(bool=true)}
debug: 2026/01/08 23:58:09 Focused: {commands Print Commands %!s(bool=true) %!s(bool=true)}
debug: 2026/01/08 23:58:10 Focused: {progress Show Progress %!s(bool=true) %!s(bool=true)}
debug: 2026/01/08 23:58:10 Focused: {commands Print Commands %!s(bool=true) %!s(bool=true)}
debug: 2026/01/08 23:58:11 Focused: {progress Show Progress %!s(bool=true) %!s(bool=true)}
debug: 2026/01/08 23:59:17 Focused: {commands Print Commands %!s(bool=true) %!s(bool=true)}
debug: 2026/01/08 23:59:24 Focused: {name: debug, enabled: false, focused: true}
debug: 2026/01/08 23:59:26 Focused: {name: commands, enabled: true, focused: true}
debug: 2026/01/08 23:59:26 Focused: {name: progress, enabled: true, focused: true}
debug: 2026/01/08 23:59:26 Focused: {name: commands, enabled: true, focused: true}
debug: 2026/01/08 23:59:27 Focused: {name: progress, enabled: true, focused: true}
debug: 2026/01/08 23:59:28 Focused: {name: progress, enabled: true, focused: true}
debug: 2026/01/08 23:59:29 Focused: {name: progress, enabled: true, focused: true}
debug: 2026/01/08 23:59:29 Focused: {name: progress, enabled: true, focused: true}
debug: 2026/01/08 23:59:29 Focused: {name: progress, enabled: true, focused: true}
debug: 2026/01/08 23:59:29 Focused: {name: progress, enabled: true, focused: true}
debug: 2026/01/08 23:59:29 Focused: {name: progress, enabled: true, focused: true}
debug: 2026/01/08 23:59:30 Focused: {name: progress, enabled: true, focused: true}
debug: 2026/01/08 23:59:30 Focused: {name: progress, enabled: true, focused: true}
debug: 2026/01/08 23:59:30 Focused: {name: progress, enabled: true, focused: true}
debug: 2026/01/08 23:59:30 Focused: {name: commands, enabled: true, focused: true}
debug: 2026/01/08 23:59:44 Focused: {name: debug, enabled: false, focused: true}
debug: 2026/01/08 23:59:44 Focused: {name: debug, enabled: false, focused: true}
debug: 2026/01/08 23:59:44 Focused: {name: debug, enabled: false, focused: true}
debug: 2026/01/08 23:59:45 Focused: {name: debug, enabled: true, focused: true}
debug: 2026/01/08 23:59:45 Focused: {name: commands, enabled: true, focused: true}
debug: 2026/01/08 23:59:45 Focused: {name: commands, enabled: true, focused: true}
debug: 2026/01/08 23:59:46 Focused: {name: progress, enabled: true, focused: true}
debug: 2026/01/08 23:59:46 Focused: {name: progress, enabled: true, focused: true}
debug: 2026/01/08 23:59:46 Focused: {name: commands, enabled: false, focused: true}
debug: 2026/01/08 23:59:46 Focused: {name: debug, enabled: false, focused: true}
debug: 2026/01/08 23:59:47 Focused: {name: debug, enabled: false, focused: true}
debug: 2026/01/08 23:59:49 Focused: {name: debug, enabled: true, focused: true}
debug: 2026/01/08 23:59:49 Focused: {name: commands, enabled: false, focused: true}
debug: 2026/01/08 23:59:49 Focused: {name: commands, enabled: false, focused: true}
debug: 2026/01/08 23:59:49 Focused: {name: progress, enabled: false, focused: true}
debug: 2026/01/08 23:59:52 Focused: {name: debug, enabled: true, focused: true}
debug: 2026/01/08 23:59:52 Focused: {name: debug, enabled: true, focused: true}
debug: 2026/01/08 23:59:52 Focused: {name: commands, enabled: false, focused: true}
debug: 2026/01/08 23:59:53 Focused: {name: progress, enabled: false, focused: true}
